<?xml version="1.0" encoding="UTF-8"?>
<!-- Generated by org.testng.reporters.JUnitReportReporter -->
<testsuite skipped="0" hostname="ATMECSINLT-044" name="com.atmecs.atmecswebsite.testscripts.AtmecsWebsiteVerifyFooter" tests="1" failures="0" timestamp="29 Sep 2019 18:25:08 GMT" time="82.689" errors="0">
  <testcase name="verifyFooter" time="82.689" classname="com.atmecs.atmecswebsite.testscripts.AtmecsWebsiteVerifyFooter"/>
</testsuite> <!-- com.atmecs.atmecswebsite.testscripts.AtmecsWebsiteVerifyFooter -->
