<?xml version="1.0" encoding="UTF-8"?>
<!-- Generated by org.testng.reporters.JUnitReportReporter -->
<testsuite skipped="0" hostname="ATMECSINLT-044" name="com.atmecs.atmecswebsite.testscripts.ServicesContextMenu" tests="1" failures="0" timestamp="29 Sep 2019 18:17:32 GMT" time="123.779" errors="0">
  <testcase name="verifyServicesMenu" time="123.779" classname="com.atmecs.atmecswebsite.testscripts.ServicesContextMenu"/>
</testsuite> <!-- com.atmecs.atmecswebsite.testscripts.ServicesContextMenu -->
