<?xml version="1.0" encoding="UTF-8"?>
<!-- Generated by org.testng.reporters.JUnitReportReporter -->
<testsuite skipped="0" hostname="ATMECSINLT-044" name="com.atmecs.atmecswebsite.testscripts.InsightBlog" tests="1" failures="0" timestamp="26 Sep 2019 15:30:23 GMT" time="40.461" errors="0">
  <testcase name="insightBlog" time="40.461" classname="com.atmecs.atmecswebsite.testscripts.InsightBlog"/>
</testsuite> <!-- com.atmecs.atmecswebsite.testscripts.InsightBlog -->
