<?xml version="1.0" encoding="UTF-8"?>
<!-- Generated by org.testng.reporters.JUnitReportReporter -->
<testsuite skipped="0" hostname="ATMECSINLT-044" name="com.atmecs.atmecswebsite.testscripts.InsightBlog" tests="1" failures="0" timestamp="29 Sep 2019 18:19:47 GMT" time="81.447" errors="0">
  <testcase name="insightBlog" time="81.447" classname="com.atmecs.atmecswebsite.testscripts.InsightBlog"/>
</testsuite> <!-- com.atmecs.atmecswebsite.testscripts.InsightBlog -->
